Using pre-set license
Built from '2021.1/release' branch; Version is '2021.1.0f1 (61a549675243) revision 6399305'; Using compiler version '192528614'; Build Type 'Release'
OS: 'Windows 10 Home; OS build 19042.1237; Version 2009; 64bit' Language: 'it' Physical Memory: 8156 MB
BatchMode: 1, IsHumanControllingUs: 0, StartBugReporterOnCrash: 0, Is64bit: 1, IsPro: 0

 COMMAND LINE ARGUMENTS:
C:\Program Files\2021.1.0f1\Editor\Unity.exe
-adb2
-batchMode
-noUpm
-name
AssetImportWorker2
-projectPath
D:/Box/Cloud/WorkSpace/Unity/MadBall
-logFile
Logs/AssetImportWorker2.log
-srvPort
52131
Successfully changed project path to: D:/Box/Cloud/WorkSpace/Unity/MadBall
D:/Box/Cloud/WorkSpace/Unity/MadBall
Using Asset Import Pipeline V2.
Refreshing native plugins compatible for Editor in 171.77 ms, found 1 plugins.
Preloading 0 native plugins for Editor in 0.00 ms.
Initialize engine version: 2021.1.0f1 (61a549675243)
[Subsystems] Discovering subsystems at path C:/Program Files/2021.1.0f1/Editor/Data/Resources/UnitySubsystems
[Subsystems] Discovering subsystems at path D:/Box/Cloud/WorkSpace/Unity/MadBall/Assets
GfxDevice: creating device client; threaded=0; jobified=0
Direct3D:
    Version:  Direct3D 11.0 [level 11.1]
    Renderer: NVIDIA GeForce GTX 1060 6GB (ID=0x1c03)
    Vendor:   NVIDIA
    VRAM:     6052 MB
    Driver:   27.21.14.6140
Initialize mono
Mono path[0] = 'C:/Program Files/2021.1.0f1/Editor/Data/Managed'
Mono path[1] = 'C:/Program Files/2021.1.0f1/Editor/Data/MonoBleedingEdge/lib/mono/unityjit'
Mono config path = 'C:/Program Files/2021.1.0f1/Editor/Data/MonoBleedingEdge/etc'
Using monoOptions --debugger-agent=transport=dt_socket,embedding=1,server=y,suspend=n,address=127.0.0.1:56848
Begin MonoManager ReloadAssembly
Registering precompiled unity dll's ...
Register platform support module: C:/Program Files/2021.1.0f1/Editor/Data/PlaybackEngines/WindowsStandaloneSupport/UnityEditor.WindowsStandalone.Extensions.dll
Registered in 0.003560 seconds.
Native extension for WindowsStandalone target not found
Refreshing native plugins compatible for Editor in 161.08 ms, found 1 plugins.
Preloading 0 native plugins for Editor in 0.00 ms.
Mono: successfully reloaded assembly
- Completed reload, in  4.695 seconds
Platform modules already initialized, skipping
Registering precompiled user dll's ...
Registered in 0.004790 seconds.
Begin MonoManager ReloadAssembly
Native extension for WindowsStandalone target not found
Refreshing native plugins compatible for Editor in 1.35 ms, found 1 plugins.
Preloading 0 native plugins for Editor in 0.00 ms.
Mono: successfully reloaded assembly
- Completed reload, in  4.156 seconds
Platform modules already initialized, skipping
========================================================================
Worker process is ready to serve import requests
Launched and connected shader compiler UnityShaderCompiler.exe after 0.29 seconds
Refreshing native plugins compatible for Editor in 1.01 ms, found 1 plugins.
Preloading 0 native plugins for Editor in 0.00 ms.
Unloading 2674 Unused Serialized files (Serialized files now loaded: 0)
System memory in use before: 112.0 MB.
System memory in use after: 112.2 MB.

Unloading 15 unused Assets to reduce memory usage. Loaded Objects now: 3149.
Total: 7.750200 ms (FindLiveObjects: 0.597700 ms CreateObjectMapping: 0.331400 ms MarkObjects: 6.569500 ms  DeleteObjects: 0.247700 ms)

========================================================================
Received Import Request.
  path: Assets/Scripts/Field/Field.cs
  artifactKey: Guid(0e6eab2a5c2f5ac499238d5409062c11) Importer(815301076,1909f56bfc062723c751e8b465ee728b)
Start importing Assets/Scripts/Field/Field.cs using Guid(0e6eab2a5c2f5ac499238d5409062c11) Importer(815301076,1909f56bfc062723c751e8b465ee728b)  -> (artifact id: '2c86b492ab4d26fbd82917e59c839a45') in 0.127937 seconds 
========================================================================
Received Import Request.
  Time since last request: 102.261792 seconds.
  path: Assets/Scripts/Managers/Entity/Phase.cs
  artifactKey: Guid(b2f1ba0d690fc804a856694616c4e37d) Importer(815301076,1909f56bfc062723c751e8b465ee728b)
Start importing Assets/Scripts/Managers/Entity/Phase.cs using Guid(b2f1ba0d690fc804a856694616c4e37d) Importer(815301076,1909f56bfc062723c751e8b465ee728b)  -> (artifact id: '5b51d2aa3f679cdb523587158ab3088b') in 0.019556 seconds 
========================================================================
Received Import Request.
  Time since last request: 18.374443 seconds.
  path: Assets/Scripts/Managers/Entity/PhaseImpl.cs
  artifactKey: Guid(0b2ca159ca002ad47a016a7072f10ce3) Importer(815301076,1909f56bfc062723c751e8b465ee728b)
Start importing Assets/Scripts/Managers/Entity/PhaseImpl.cs using Guid(0b2ca159ca002ad47a016a7072f10ce3) Importer(815301076,1909f56bfc062723c751e8b465ee728b)  -> (artifact id: '9ed3d4759e9e833f53cd2751e10849b3') in 0.017174 seconds 
========================================================================
Received Import Request.
  Time since last request: 864.037923 seconds.
  path: Assets/Scripts/Managers/Entity/PhaseRun.cs
  artifactKey: Guid(0b2ca159ca002ad47a016a7072f10ce3) Importer(815301076,1909f56bfc062723c751e8b465ee728b)
Start importing Assets/Scripts/Managers/Entity/PhaseRun.cs using Guid(0b2ca159ca002ad47a016a7072f10ce3) Importer(815301076,1909f56bfc062723c751e8b465ee728b)  -> (artifact id: '2b8ceee6c0b3b87200450121efe989e4') in 0.013323 seconds 
========================================================================
Received Import Request.
  Time since last request: 100.662274 seconds.
  path: Assets/Scripts/Managers/Entity/PhaseRun.cs
  artifactKey: Guid(0b2ca159ca002ad47a016a7072f10ce3) Importer(815301076,1909f56bfc062723c751e8b465ee728b)
Start importing Assets/Scripts/Managers/Entity/PhaseRun.cs using Guid(0b2ca159ca002ad47a016a7072f10ce3) Importer(815301076,1909f56bfc062723c751e8b465ee728b)  -> (artifact id: '12db305389d5adb3e3c1d05e68088187') in 0.006283 seconds 
========================================================================
Received Import Request.
  Time since last request: 14.940809 seconds.
  path: Assets/Scripts/Managers/Entity/PhaseRun.cs
  artifactKey: Guid(0b2ca159ca002ad47a016a7072f10ce3) Importer(815301076,1909f56bfc062723c751e8b465ee728b)
Start importing Assets/Scripts/Managers/Entity/PhaseRun.cs using Guid(0b2ca159ca002ad47a016a7072f10ce3) Importer(815301076,1909f56bfc062723c751e8b465ee728b)  -> (artifact id: '1a821f906791041d7bcc0a75d4e06a27') in 0.006075 seconds 
========================================================================
Received Import Request.
  Time since last request: 137.029578 seconds.
  path: Assets/Scripts/Managers/Entity/PhaseRun.cs
  artifactKey: Guid(0b2ca159ca002ad47a016a7072f10ce3) Importer(815301076,1909f56bfc062723c751e8b465ee728b)
Start importing Assets/Scripts/Managers/Entity/PhaseRun.cs using Guid(0b2ca159ca002ad47a016a7072f10ce3) Importer(815301076,1909f56bfc062723c751e8b465ee728b)  -> (artifact id: 'ecfc1dfdfb5b2e4be4bfa2704ca3c133') in 0.006457 seconds 
========================================================================
Received Import Request.
  Time since last request: 16.366161 seconds.
  path: Assets/Scripts/Managers/Entity/PhaseRun.cs
  artifactKey: Guid(0b2ca159ca002ad47a016a7072f10ce3) Importer(815301076,1909f56bfc062723c751e8b465ee728b)
Start importing Assets/Scripts/Managers/Entity/PhaseRun.cs using Guid(0b2ca159ca002ad47a016a7072f10ce3) Importer(815301076,1909f56bfc062723c751e8b465ee728b)  -> (artifact id: '53901549946476fbab711cc123c8e23e') in 0.017688 seconds 
========================================================================
Received Import Request.
  Time since last request: 295.570500 seconds.
  path: Assets/Scripts/Managers/Entity/PhaseRun.cs
  artifactKey: Guid(0b2ca159ca002ad47a016a7072f10ce3) Importer(815301076,1909f56bfc062723c751e8b465ee728b)
Start importing Assets/Scripts/Managers/Entity/PhaseRun.cs using Guid(0b2ca159ca002ad47a016a7072f10ce3) Importer(815301076,1909f56bfc062723c751e8b465ee728b)  -> (artifact id: 'ce434e8738065e8dda488290dbf8fa55') in 0.013388 seconds 
AssetImportWorkerClient::OnTransportError - code=2 error=End of file
